-----------------------------------------------------------------------------

Input images    : /Users/tlingard/PhD/galaxy-builder/data-aggregation/model-scoring/galfit_files/20902000/103315547/image_cutout.fits [1:180,1:180] 
Init. par. file : galfit_files/20902000/103315547/galfit.feedme 
Restart file    : /Users/tlingard/PhD/galaxy-builder/data-aggregation/model-scoring/galfit_files/20902000/103315547/imgblock.galfit.01 
Output image    : /Users/tlingard/PhD/galaxy-builder/data-aggregation/model-scoring/galfit_files/20902000/103315547/imgblock.fits 

 x  : sersic    : (  [90.06],  [89.76])  23.83     30.80   [1.00]   0.58    42.19
                  (   [0.00],   [0.00])   0.01      0.38   [0.00]   0.00     0.92
 x  : sersic    : (  [90.30],  [89.36])  26.12     12.14    1.43    0.25    23.27
                  (   [0.00],   [0.00])   0.01      0.38    0.00    0.00     0.92
 Chi^2 = 96895.64720,  ndof = 32188
 Chi^2/nu = 3.010 

-----------------------------------------------------------------------------
-----------------------------------------------------------------------------

Input images    : /Users/tlingard/PhD/galaxy-builder/data-aggregation/model-scoring/galfit_files/20902000/103315547/image_cutout.fits [1:180,1:180] 
Init. par. file : galfit_files/20902000/103315547/galfit.feedme 
Restart file    : /Users/tlingard/PhD/galaxy-builder/data-aggregation/model-scoring/galfit_files/20902000/103315547/imgblock.galfit.02 
Output image    : /Users/tlingard/PhD/galaxy-builder/data-aggregation/model-scoring/galfit_files/20902000/103315547/imgblock.fits 

 x  : sersic    : (  [90.06],  [89.76])  23.83     30.80   [1.00]   0.58    42.19
                  (   [0.00],   [0.00])   0.01      0.38   [0.00]   0.00     0.92
 x  : sersic    : (  [90.30],  [89.36])  26.12     12.14    1.43    0.25    23.27
                  (   [0.00],   [0.00])   0.01      0.38    0.00    0.00     0.92
 Chi^2 = 96895.64720,  ndof = 32188
 Chi^2/nu = 3.010 

-----------------------------------------------------------------------------
-----------------------------------------------------------------------------

Input images    : /Users/tlingard/PhD/galaxy-builder/data-aggregation/model-scoring/galfit_files/20902000/103315547/image_cutout.fits [1:180,1:180] 
Init. par. file : galfit_files/20902000/103315547/galfit.feedme 
Restart file    : /Users/tlingard/PhD/galaxy-builder/data-aggregation/model-scoring/galfit_files/20902000/103315547/imgblock.galfit.01 
Output image    : /Users/tlingard/PhD/galaxy-builder/data-aggregation/model-scoring/galfit_files/20902000/103315547/imgblock.fits 

 x  : sersic    : (  [90.06],  [89.76])  23.83     30.80   [1.00]   0.58    42.19
                  (   [0.00],   [0.00])   0.01      0.38   [0.00]   0.00     0.92
 x  : sersic    : (  [90.30],  [89.36])  26.12     12.14    1.43    0.25    23.27
                  (   [0.00],   [0.00])   0.01      0.38    0.00    0.00     0.92
 Chi^2 = 96895.64720,  ndof = 32188
 Chi^2/nu = 3.010 

-----------------------------------------------------------------------------
-----------------------------------------------------------------------------

Input images    : /Users/tlingard/PhD/galaxy-builder/data-aggregation/model-scoring/galfit_files/20902000/103315547/image_cutout.fits [1:180,1:180] 
Init. par. file : galfit_files/20902000/103315547/galfit.feedme 
Restart file    : /Users/tlingard/PhD/galaxy-builder/data-aggregation/model-scoring/galfit_files/20902000/103315547/imgblock.galfit.02 
Output image    : /Users/tlingard/PhD/galaxy-builder/data-aggregation/model-scoring/galfit_files/20902000/103315547/imgblock.fits 

 x  : sersic    : (  [90.06],  [89.76])  23.83     30.80   [1.00]   0.58    42.19
                  (   [0.00],   [0.00])   0.01      0.38   [0.00]   0.00     0.92
 x  : sersic    : (  [90.30],  [89.36])  26.12     12.14    1.43    0.25    23.27
                  (   [0.00],   [0.00])   0.01      0.38    0.00    0.00     0.92
 Chi^2 = 96895.64720,  ndof = 32188
 Chi^2/nu = 3.010 

-----------------------------------------------------------------------------
-----------------------------------------------------------------------------

Input images    : /Users/tlingard/PhD/galaxy-builder/data-aggregation/model-scoring/galfit_files/20902000/103315547/image_cutout.fits [1:180,1:180] 
Init. par. file : galfit_files/20902000/103315547/galfit.feedme 
Restart file    : /Users/tlingard/PhD/galaxy-builder/data-aggregation/model-scoring/galfit_files/20902000/103315547/imgblock.galfit.03 
Output image    : /Users/tlingard/PhD/galaxy-builder/data-aggregation/model-scoring/galfit_files/20902000/103315547/imgblock.fits 

 x  : sersic    : (  [90.06],  [89.76])  23.83     30.80   [1.00]   0.58    42.19
                  (   [0.00],   [0.00])   0.01      0.38   [0.00]   0.00     0.92
 x  : sersic    : (  [90.30],  [89.36])  26.12     12.14    1.43    0.25    23.27
                  (   [0.00],   [0.00])   0.01      0.38    0.00    0.00     0.92
 Chi^2 = 96895.64720,  ndof = 32188
 Chi^2/nu = 3.010 

-----------------------------------------------------------------------------
-----------------------------------------------------------------------------

Input images    : /Users/tlingard/PhD/galaxy-builder/data-aggregation/model-scoring/galfit_files/20902000/103315547/image_cutout.fits [1:180,1:180] 
Init. par. file : galfit_files/20902000/103315547/galfit.feedme 
Restart file    : /Users/tlingard/PhD/galaxy-builder/data-aggregation/model-scoring/galfit_files/20902000/103315547/imgblock.galfit.01 
Output image    : /Users/tlingard/PhD/galaxy-builder/data-aggregation/model-scoring/galfit_files/20902000/103315547/imgblock.fits 

 x  : sersic    : (  [90.06],  [89.76])  23.83     30.80   [1.00]   0.58    42.19
                  (   [0.00],   [0.00])   0.01      0.38   [0.00]   0.00     0.92
 x  : sersic    : (  [90.30],  [89.36])  26.12     12.14    1.43    0.25    23.27
                  (   [0.00],   [0.00])   0.01      0.38    0.00    0.00     0.92
 Chi^2 = 96895.64720,  ndof = 32188
 Chi^2/nu = 3.010 

-----------------------------------------------------------------------------
-----------------------------------------------------------------------------

Input images    : /Users/tlingard/PhD/galaxy-builder/data-aggregation/model-scoring/galfit_files/20902000/103315547/image_cutout.fits [1:180,1:180] 
Init. par. file : galfit_files/20902000/103315547/galfit.feedme 
Restart file    : /Users/tlingard/PhD/galaxy-builder/data-aggregation/model-scoring/galfit_files/20902000/103315547/imgblock.galfit.01 
Output image    : /Users/tlingard/PhD/galaxy-builder/data-aggregation/model-scoring/galfit_files/20902000/103315547/imgblock.fits 

 x  : sersic    : (  [90.06],  [89.76])  23.83     30.80   [1.00]   0.58    42.19
                  (   [0.00],   [0.00])   0.01      0.38   [0.00]   0.00     0.92
 x  : sersic    : (  [90.30],  [89.36])  26.12     12.14    1.43    0.25    23.27
                  (   [0.00],   [0.00])   0.01      0.38    0.00    0.00     0.92
 Chi^2 = 96895.64720,  ndof = 32188
 Chi^2/nu = 3.010 

-----------------------------------------------------------------------------
-----------------------------------------------------------------------------

Input images    : /Users/tlingard/PhD/galaxy-builder/data-aggregation/model-scoring/galfit_files/20902000/103315547/image_cutout.fits [1:180,1:180] 
Init. par. file : galfit_files/20902000/103315547/galfit.feedme 
Restart file    : /Users/tlingard/PhD/galaxy-builder/data-aggregation/model-scoring/galfit_files/20902000/103315547/imgblock.galfit.01 
Output image    : /Users/tlingard/PhD/galaxy-builder/data-aggregation/model-scoring/galfit_files/20902000/103315547/imgblock.fits 

 x  : sersic    : (  [90.06],  [89.76])  23.83     30.80   [1.00]   0.58    42.19
                  (   [0.00],   [0.00])   0.01      0.38   [0.00]   0.00     0.92
 x  : sersic    : (  [90.30],  [89.36])  26.12     12.14    1.43    0.25    23.27
                  (   [0.00],   [0.00])   0.01      0.38    0.00    0.00     0.92
 Chi^2 = 96895.64720,  ndof = 32188
 Chi^2/nu = 3.010 

-----------------------------------------------------------------------------
-----------------------------------------------------------------------------

Input images    : /Users/tlingard/PhD/galaxy-builder/data-aggregation/model-scoring/galfit_files/20902000/103315547/image_cutout.fits [1:180,1:180] 
Init. par. file : galfit_files/20902000/103315547/galfit.feedme 
Restart file    : /Users/tlingard/PhD/galaxy-builder/data-aggregation/model-scoring/galfit_files/20902000/103315547/imgblock.galfit.01 
Output image    : /Users/tlingard/PhD/galaxy-builder/data-aggregation/model-scoring/galfit_files/20902000/103315547/imgblock.fits 

 x  : sersic    : (  [90.06],  [89.76])  23.84     30.24   [1.00]   0.59    42.33
                  (   [0.00],   [0.00])   0.01      0.23   [0.00]   0.00     0.57
 x  : sersic    : (  [90.30],  [89.36])  26.13     12.38    1.47    0.24    23.41
                  (   [0.00],   [0.00])   0.01      0.23    0.00    0.00     0.57
 Chi^2 = 35744.36446,  ndof = 32188
 Chi^2/nu = 1.110 

-----------------------------------------------------------------------------
-----------------------------------------------------------------------------

Input images    : /Users/tlingard/PhD/galaxy-builder/data-aggregation/model-scoring/galfit_files/20902000/103315547/image_cutout.fits [1:180,1:180] 
Init. par. file : galfit_files/20902000/103315547/galfit.feedme 
Restart file    : /Users/tlingard/PhD/galaxy-builder/data-aggregation/model-scoring/galfit_files/20902000/103315547/imgblock.galfit.01 
Output image    : /Users/tlingard/PhD/galaxy-builder/data-aggregation/model-scoring/galfit_files/20902000/103315547/imgblock.fits 

 x  : sersic    : (  [90.06],  [89.76])  23.83     30.15   [1.00]   0.59    41.98
                  (   [0.00],   [0.00])   0.01      0.19   [0.00]   0.00     0.51
 x  : sersic    : (  [90.30],  [89.36])  26.29     12.77    1.06    0.22    23.33
                  (   [0.00],   [0.00])   0.01      0.19    0.00    0.00     0.51
 x  : sersic    : (  [90.84],  [89.16])  29.08      6.03    0.10    0.66    55.70
                  (   [0.00],   [0.00])   0.01      0.19    0.00    0.00     0.51
          c0    :   -1.59 
                :    0.00 
 Chi^2 = 35702.71074,  ndof = 32182
 Chi^2/nu = 1.109 

-----------------------------------------------------------------------------
-----------------------------------------------------------------------------

Input images    : /Users/tlingard/PhD/galaxy-builder/data-aggregation/model-scoring/galfit_files/20902000/103558912/image_cutout.fits [1:180,1:180] 
Init. par. file : galfit_files/20902000/103558912/galfit.feedme 
Restart file    : /Users/tlingard/PhD/galaxy-builder/data-aggregation/model-scoring/galfit_files/20902000/103558912/imgblock.galfit.01 
Output image    : /Users/tlingard/PhD/galaxy-builder/data-aggregation/model-scoring/galfit_files/20902000/103558912/imgblock.fits 

 x  : sersic    : (  [90.18],  [89.29])  23.84     30.57   [1.00]   0.59    42.44
                  (   [0.00],   [0.00])   0.01      0.24   [0.00]   0.00     0.60
 x  : sersic    : (  [89.82],  [89.29])  26.10     12.53    1.40    0.26    22.40
                  (   [0.00],   [0.00])   0.01      0.24    0.00    0.00     0.60
 Chi^2 = 36619.80035,  ndof = 32188
 Chi^2/nu = 1.138 

-----------------------------------------------------------------------------
